[0.522s] DEBUG:colcon:Command line arguments: ['/usr/bin/colcon', 'build', '--symlink-install']
[0.522s] DEBUG:colcon:Parsed command line arguments: Namespace(log_base=None, log_level=None, verb_name='build', build_base='build', install_base='install', merge_install=False, symlink_install=True, test_result_base=None, continue_on_error=False, executor='parallel', parallel_workers=16, event_handlers=None, ignore_user_meta=False, metas=['./colcon.meta'], base_paths=['.'], packages_ignore=None, packages_ignore_regex=None, paths=None, packages_up_to=None, packages_up_to_regex=None, packages_above=None, packages_above_and_dependencies=None, packages_above_depth=None, packages_select_by_dep=None, packages_skip_by_dep=None, packages_skip_up_to=None, packages_select_build_failed=False, packages_skip_build_finished=False, packages_select_test_failures=False, packages_skip_test_passed=False, packages_select=None, packages_skip=None, packages_select_regex=None, packages_skip_regex=None, packages_start=None, packages_end=None, allow_overriding=[], cmake_args=None, cmake_target=None, cmake_target_skip_unavailable=False, cmake_clean_cache=False, cmake_clean_first=False, cmake_force_configure=False, ament_cmake_args=None, catkin_cmake_args=None, catkin_skip_building_tests=False, verb_parser=<colcon_defaults.argument_parser.defaults.DefaultArgumentsDecorator object at 0x787f90337290>, verb_extension=<colcon_core.verb.build.BuildVerb object at 0x787f90483380>, main=<bound method BuildVerb.main of <colcon_core.verb.build.BuildVerb object at 0x787f90483380>>)
[0.594s] Level 1:colcon.colcon_core.package_discovery:discover_packages(colcon_meta) check parameters
[0.594s] Level 1:colcon.colcon_core.package_discovery:discover_packages(recursive) check parameters
[0.594s] Level 1:colcon.colcon_core.package_discovery:discover_packages(ignore) check parameters
[0.594s] Level 1:colcon.colcon_core.package_discovery:discover_packages(path) check parameters
[0.594s] Level 1:colcon.colcon_core.package_discovery:discover_packages(colcon_meta) discover
[0.594s] Level 1:colcon.colcon_core.package_discovery:discover_packages(recursive) discover
[0.594s] INFO:colcon.colcon_core.package_discovery:Crawling recursively for packages in '/home/nbalu/ros2_ws/src/mypkg'
[0.594s] Level 1:colcon.colcon_core.package_identification:_identify(.) by extensions ['ignore', 'ignore_ament_install']
[0.595s] Level 1:colcon.colcon_core.package_identification:_identify(.) by extension 'ignore'
[0.595s] Level 1:colcon.colcon_core.package_identification:_identify(.) by extension 'ignore_ament_install'
[0.595s] Level 1:colcon.colcon_core.package_identification:_identify(.) by extensions ['colcon_pkg']
[0.595s] Level 1:colcon.colcon_core.package_identification:_identify(.) by extension 'colcon_pkg'
[0.595s] Level 1:colcon.colcon_core.package_identification:_identify(.) by extensions ['colcon_meta']
[0.595s] Level 1:colcon.colcon_core.package_identification:_identify(.) by extension 'colcon_meta'
[0.595s] Level 1:colcon.colcon_core.package_identification:_identify(.) by extensions ['ros']
[0.595s] Level 1:colcon.colcon_core.package_identification:_identify(.) by extension 'ros'
[0.640s] DEBUG:colcon.colcon_core.package_identification:Package '.' with type 'ros.ament_python' and name 'mypkg'
[0.640s] Level 1:colcon.colcon_core.package_discovery:discover_packages(recursive) using defaults
[0.640s] Level 1:colcon.colcon_core.package_discovery:discover_packages(ignore) discover
[0.640s] Level 1:colcon.colcon_core.package_discovery:discover_packages(ignore) using defaults
[0.640s] Level 1:colcon.colcon_core.package_discovery:discover_packages(path) discover
[0.640s] Level 1:colcon.colcon_core.package_discovery:discover_packages(path) using defaults
[0.667s] Level 1:colcon.colcon_core.package_discovery:discover_packages(prefix_path) check parameters
[0.667s] Level 1:colcon.colcon_core.package_discovery:discover_packages(prefix_path) discover
[0.671s] DEBUG:colcon.colcon_installed_package_information.package_discovery:Found 2 installed packages in /home/nbalu/ros2_ws/install
[0.673s] DEBUG:colcon.colcon_installed_package_information.package_discovery:Found 285 installed packages in /opt/ros/jazzy
[0.675s] Level 1:colcon.colcon_core.package_discovery:discover_packages(prefix_path) using defaults
[0.737s] Level 5:colcon.colcon_core.verb:set package 'mypkg' build argument 'cmake_args' from command line to 'None'
[0.737s] Level 5:colcon.colcon_core.verb:set package 'mypkg' build argument 'cmake_target' from command line to 'None'
[0.737s] Level 5:colcon.colcon_core.verb:set package 'mypkg' build argument 'cmake_target_skip_unavailable' from command line to 'False'
[0.737s] Level 5:colcon.colcon_core.verb:set package 'mypkg' build argument 'cmake_clean_cache' from command line to 'False'
[0.737s] Level 5:colcon.colcon_core.verb:set package 'mypkg' build argument 'cmake_clean_first' from command line to 'False'
[0.737s] Level 5:colcon.colcon_core.verb:set package 'mypkg' build argument 'cmake_force_configure' from command line to 'False'
[0.737s] Level 5:colcon.colcon_core.verb:set package 'mypkg' build argument 'ament_cmake_args' from command line to 'None'
[0.737s] Level 5:colcon.colcon_core.verb:set package 'mypkg' build argument 'catkin_cmake_args' from command line to 'None'
[0.737s] Level 5:colcon.colcon_core.verb:set package 'mypkg' build argument 'catkin_skip_building_tests' from command line to 'False'
[0.737s] DEBUG:colcon.colcon_core.verb:Building package 'mypkg' with the following arguments: {'ament_cmake_args': None, 'build_base': '/home/nbalu/ros2_ws/src/mypkg/build/mypkg', 'catkin_cmake_args': None, 'catkin_skip_building_tests': False, 'cmake_args': None, 'cmake_clean_cache': False, 'cmake_clean_first': False, 'cmake_force_configure': False, 'cmake_target': None, 'cmake_target_skip_unavailable': False, 'install_base': '/home/nbalu/ros2_ws/src/mypkg/install/mypkg', 'merge_install': False, 'path': '/home/nbalu/ros2_ws/src/mypkg', 'symlink_install': True, 'test_result_base': None}
[0.738s] INFO:colcon.colcon_core.executor:Executing jobs using 'parallel' executor
[0.739s] DEBUG:colcon.colcon_parallel_executor.executor.parallel:run_until_complete
[0.740s] INFO:colcon.colcon_ros.task.ament_python.build:Building ROS package in '/home/nbalu/ros2_ws/src/mypkg' with build type 'ament_python'
[0.740s] Level 1:colcon.colcon_core.shell:create_environment_hook('mypkg', 'ament_prefix_path')
[0.744s] INFO:colcon.colcon_core.plugin_system:Skipping extension 'colcon_core.shell.bat': Not used on non-Windows systems
[0.744s] INFO:colcon.colcon_core.shell:Creating environment hook '/home/nbalu/ros2_ws/src/mypkg/install/mypkg/share/mypkg/hook/ament_prefix_path.ps1'
[0.746s] INFO:colcon.colcon_core.shell:Creating environment descriptor '/home/nbalu/ros2_ws/src/mypkg/install/mypkg/share/mypkg/hook/ament_prefix_path.dsv'
[0.747s] INFO:colcon.colcon_core.shell:Creating environment hook '/home/nbalu/ros2_ws/src/mypkg/install/mypkg/share/mypkg/hook/ament_prefix_path.sh'
[0.748s] INFO:colcon.colcon_core.shell:Skip shell extension 'powershell' for command environment: Not usable outside of PowerShell
[0.748s] DEBUG:colcon.colcon_core.shell:Skip shell extension 'dsv' for command environment
[1.016s] INFO:colcon.colcon_core.task.python.build:Building Python package in '/home/nbalu/ros2_ws/src/mypkg'
[1.016s] INFO:colcon.colcon_core.shell:Skip shell extension 'powershell' for command environment: Not usable outside of PowerShell
[1.016s] DEBUG:colcon.colcon_core.shell:Skip shell extension 'dsv' for command environment
[1.734s] DEBUG:colcon.colcon_core.event_handler.log_command:Invoking command in '/home/nbalu/ros2_ws/src/mypkg/build/mypkg': PYTHONPATH=/home/nbalu/ros2_ws/src/mypkg/build/mypkg/prefix_override:/usr/lib/python3/dist-packages/colcon_core/task/python/colcon_distutils_commands:/home/nbalu/ros2_ws/src/mypkg/install/mypkg/lib/python3.12/site-packages:${PYTHONPATH} /usr/bin/python3 -W ignore:setup.py install is deprecated -W ignore:easy_install command is deprecated setup.py develop --editable --build-directory /home/nbalu/ros2_ws/src/mypkg/build/mypkg/build --no-deps symlink_data
[2.394s] Level 1:colcon.colcon_core.shell:create_environment_hook('mypkg', 'pythonpath_develop')
[2.394s] DEBUG:colcon.colcon_core.event_handler.log_command:Invoked command in '/home/nbalu/ros2_ws/src/mypkg/build/mypkg' returned '0': PYTHONPATH=/home/nbalu/ros2_ws/src/mypkg/build/mypkg/prefix_override:/usr/lib/python3/dist-packages/colcon_core/task/python/colcon_distutils_commands:/home/nbalu/ros2_ws/src/mypkg/install/mypkg/lib/python3.12/site-packages:${PYTHONPATH} /usr/bin/python3 -W ignore:setup.py install is deprecated -W ignore:easy_install command is deprecated setup.py develop --editable --build-directory /home/nbalu/ros2_ws/src/mypkg/build/mypkg/build --no-deps symlink_data
[2.394s] INFO:colcon.colcon_core.shell:Creating environment hook '/home/nbalu/ros2_ws/src/mypkg/build/mypkg/share/mypkg/hook/pythonpath_develop.ps1'
[2.396s] INFO:colcon.colcon_core.shell:Creating environment descriptor '/home/nbalu/ros2_ws/src/mypkg/build/mypkg/share/mypkg/hook/pythonpath_develop.dsv'
[2.397s] INFO:colcon.colcon_core.shell:Creating environment hook '/home/nbalu/ros2_ws/src/mypkg/build/mypkg/share/mypkg/hook/pythonpath_develop.sh'
[2.401s] Level 1:colcon.colcon_core.environment:checking '/home/nbalu/ros2_ws/src/mypkg/install/mypkg' for CMake module files
[2.401s] Level 1:colcon.colcon_core.environment:checking '/home/nbalu/ros2_ws/src/mypkg/install/mypkg' for CMake config files
[2.402s] Level 1:colcon.colcon_core.environment:checking '/home/nbalu/ros2_ws/src/mypkg/install/mypkg/lib'
[2.402s] Level 1:colcon.colcon_core.environment:checking '/home/nbalu/ros2_ws/src/mypkg/install/mypkg/bin'
[2.402s] Level 1:colcon.colcon_core.environment:checking '/home/nbalu/ros2_ws/src/mypkg/install/mypkg/lib/pkgconfig/mypkg.pc'
[2.402s] Level 1:colcon.colcon_core.environment:checking '/home/nbalu/ros2_ws/src/mypkg/install/mypkg/lib/python3.12/site-packages'
[2.402s] Level 1:colcon.colcon_core.shell:create_environment_hook('mypkg', 'pythonpath')
[2.402s] INFO:colcon.colcon_core.shell:Creating environment hook '/home/nbalu/ros2_ws/src/mypkg/install/mypkg/share/mypkg/hook/pythonpath.ps1'
[2.403s] INFO:colcon.colcon_core.shell:Creating environment descriptor '/home/nbalu/ros2_ws/src/mypkg/install/mypkg/share/mypkg/hook/pythonpath.dsv'
[2.403s] INFO:colcon.colcon_core.shell:Creating environment hook '/home/nbalu/ros2_ws/src/mypkg/install/mypkg/share/mypkg/hook/pythonpath.sh'
[2.404s] Level 1:colcon.colcon_core.environment:checking '/home/nbalu/ros2_ws/src/mypkg/install/mypkg/bin'
[2.404s] Level 1:colcon.colcon_core.environment:create_environment_scripts_only(mypkg)
[2.404s] INFO:colcon.colcon_core.shell:Creating package script '/home/nbalu/ros2_ws/src/mypkg/install/mypkg/share/mypkg/package.ps1'
[2.405s] INFO:colcon.colcon_core.shell:Creating package descriptor '/home/nbalu/ros2_ws/src/mypkg/install/mypkg/share/mypkg/package.dsv'
[2.406s] INFO:colcon.colcon_core.shell:Creating package script '/home/nbalu/ros2_ws/src/mypkg/install/mypkg/share/mypkg/package.sh'
[2.407s] INFO:colcon.colcon_core.shell:Creating package script '/home/nbalu/ros2_ws/src/mypkg/install/mypkg/share/mypkg/package.bash'
[2.407s] INFO:colcon.colcon_core.shell:Creating package script '/home/nbalu/ros2_ws/src/mypkg/install/mypkg/share/mypkg/package.zsh'
[2.408s] Level 1:colcon.colcon_core.environment:create_file_with_runtime_dependencies(/home/nbalu/ros2_ws/src/mypkg/install/mypkg/share/colcon-core/packages/mypkg)
[2.409s] DEBUG:colcon.colcon_parallel_executor.executor.parallel:closing loop
[2.410s] DEBUG:colcon.colcon_parallel_executor.executor.parallel:loop closed
[2.410s] DEBUG:colcon.colcon_parallel_executor.executor.parallel:run_until_complete finished with '0'
[2.411s] DEBUG:colcon.colcon_core.event_reactor:joining thread
[2.597s] INFO:colcon.colcon_core.plugin_system:Skipping extension 'colcon_notification.desktop_notification.notify_send': Could not find 'notify-send'
[2.597s] INFO:colcon.colcon_core.plugin_system:Skipping extension 'colcon_notification.desktop_notification.terminal_notifier': Not used on non-Darwin systems
[2.597s] INFO:colcon.colcon_core.plugin_system:Skipping extension 'colcon_notification.desktop_notification.win32': Not used on non-Windows systems
[2.597s] INFO:colcon.colcon_notification.desktop_notification:Sending desktop notification using 'notify2'
[2.604s] DEBUG:colcon.colcon_notification.desktop_notification.notify2:Failed to initialize notify2: org.freedesktop.DBus.Error.ServiceUnknown: The name org.freedesktop.Notifications was not provided by any .service files
[2.605s] DEBUG:colcon.colcon_core.event_reactor:joined thread
[2.605s] INFO:colcon.colcon_core.shell:Creating prefix script '/home/nbalu/ros2_ws/src/mypkg/install/local_setup.ps1'
[2.606s] INFO:colcon.colcon_core.shell:Creating prefix util module '/home/nbalu/ros2_ws/src/mypkg/install/_local_setup_util_ps1.py'
[2.608s] INFO:colcon.colcon_core.shell:Creating prefix chain script '/home/nbalu/ros2_ws/src/mypkg/install/setup.ps1'
[2.609s] INFO:colcon.colcon_core.shell:Creating prefix script '/home/nbalu/ros2_ws/src/mypkg/install/local_setup.sh'
[2.610s] INFO:colcon.colcon_core.shell:Creating prefix util module '/home/nbalu/ros2_ws/src/mypkg/install/_local_setup_util_sh.py'
[2.611s] INFO:colcon.colcon_core.shell:Creating prefix chain script '/home/nbalu/ros2_ws/src/mypkg/install/setup.sh'
[2.612s] INFO:colcon.colcon_core.shell:Creating prefix script '/home/nbalu/ros2_ws/src/mypkg/install/local_setup.bash'
[2.613s] INFO:colcon.colcon_core.shell:Creating prefix chain script '/home/nbalu/ros2_ws/src/mypkg/install/setup.bash'
[2.614s] INFO:colcon.colcon_core.shell:Creating prefix script '/home/nbalu/ros2_ws/src/mypkg/install/local_setup.zsh'
[2.615s] INFO:colcon.colcon_core.shell:Creating prefix chain script '/home/nbalu/ros2_ws/src/mypkg/install/setup.zsh'
