running egg_info
creating build/mypkg/mypkg.egg-info
writing build/mypkg/mypkg.egg-info/PKG-INFO
writing dependency_links to build/mypkg/mypkg.egg-info/dependency_links.txt
writing requirements to build/mypkg/mypkg.egg-info/requires.txt
writing top-level names to build/mypkg/mypkg.egg-info/top_level.txt
writing manifest file 'build/mypkg/mypkg.egg-info/SOURCES.txt'
reading manifest file 'build/mypkg/mypkg.egg-info/SOURCES.txt'
adding license file 'LICENSE'
writing manifest file 'build/mypkg/mypkg.egg-info/SOURCES.txt'
running build
running build_py
creating /home/nbalu/ros2_ws/src/mypkg/build/mypkg/build
creating /home/nbalu/ros2_ws/src/mypkg/build/mypkg/build/lib
creating /home/nbalu/ros2_ws/src/mypkg/build/mypkg/build/lib/mypkg
copying mypkg/__init__.py -> /home/nbalu/ros2_ws/src/mypkg/build/mypkg/build/lib/mypkg
running install
running install_lib
creating /home/nbalu/ros2_ws/src/mypkg/install/mypkg/lib/python3.12/site-packages/mypkg
copying /home/nbalu/ros2_ws/src/mypkg/build/mypkg/build/lib/mypkg/__init__.py -> /home/nbalu/ros2_ws/src/mypkg/install/mypkg/lib/python3.12/site-packages/mypkg
byte-compiling /home/nbalu/ros2_ws/src/mypkg/install/mypkg/lib/python3.12/site-packages/mypkg/__init__.py to __init__.cpython-312.pyc
running install_data
creating /home/nbalu/ros2_ws/src/mypkg/install/mypkg/share/ament_index
creating /home/nbalu/ros2_ws/src/mypkg/install/mypkg/share/ament_index/resource_index
creating /home/nbalu/ros2_ws/src/mypkg/install/mypkg/share/ament_index/resource_index/packages
copying resource/mypkg -> /home/nbalu/ros2_ws/src/mypkg/install/mypkg/share/ament_index/resource_index/packages
copying package.xml -> /home/nbalu/ros2_ws/src/mypkg/install/mypkg/share/mypkg
copying launch/talk_listen.launch.py -> /home/nbalu/ros2_ws/src/mypkg/install/mypkg/share/mypkg
creating /home/nbalu/ros2_ws/src/mypkg/install/mypkg/lib/mypkg
copying mypkg/talker -> /home/nbalu/ros2_ws/src/mypkg/install/mypkg/lib/mypkg
copying mypkg/listener -> /home/nbalu/ros2_ws/src/mypkg/install/mypkg/lib/mypkg
running install_egg_info
Copying build/mypkg/mypkg.egg-info to /home/nbalu/ros2_ws/src/mypkg/install/mypkg/lib/python3.12/site-packages/mypkg-0.0.0-py3.12.egg-info
running install_scripts
writing list of installed files to '/home/nbalu/ros2_ws/src/mypkg/build/mypkg/install.log'
