[0.993s] Invoking command in '/home/nbalu/ros2_ws/src/mypkg/build/mypkg': PYTHONPATH=/home/nbalu/ros2_ws/src/mypkg/build/mypkg/prefix_override:/usr/lib/python3/dist-packages/colcon_core/task/python/colcon_distutils_commands:/home/nbalu/ros2_ws/src/mypkg/install/mypkg/lib/python3.12/site-packages:${PYTHONPATH} /usr/bin/python3 -W ignore:setup.py install is deprecated -W ignore:easy_install command is deprecated setup.py develop --editable --build-directory /home/nbalu/ros2_ws/src/mypkg/build/mypkg/build --no-deps symlink_data
[1.333s] running develop
[1.535s] running egg_info
[1.536s] creating mypkg.egg-info
[1.555s] writing mypkg.egg-info/PKG-INFO
[1.555s] writing dependency_links to mypkg.egg-info/dependency_links.txt
[1.556s] writing entry points to mypkg.egg-info/entry_points.txt
[1.556s] writing requirements to mypkg.egg-info/requires.txt
[1.557s] writing top-level names to mypkg.egg-info/top_level.txt
[1.557s] writing manifest file 'mypkg.egg-info/SOURCES.txt'
[1.592s] reading manifest file 'mypkg.egg-info/SOURCES.txt'
[1.593s] writing manifest file 'mypkg.egg-info/SOURCES.txt'
[1.615s] running build_ext
[1.616s] Creating /home/nbalu/ros2_ws/src/mypkg/install/mypkg/lib/python3.12/site-packages/mypkg.egg-link (link to .)
[1.617s] Installing listener script to /home/nbalu/ros2_ws/src/mypkg/install/mypkg/lib/mypkg
[1.618s] Installing talker script to /home/nbalu/ros2_ws/src/mypkg/install/mypkg/lib/mypkg
[1.619s] 
[1.619s] Installed /home/nbalu/ros2_ws/src/mypkg/build/mypkg
[1.620s] running symlink_data
[1.620s] creating /home/nbalu/ros2_ws/src/mypkg/install/mypkg/share/ament_index
[1.620s] creating /home/nbalu/ros2_ws/src/mypkg/install/mypkg/share/ament_index/resource_index
[1.621s] creating /home/nbalu/ros2_ws/src/mypkg/install/mypkg/share/ament_index/resource_index/packages
[1.621s] symbolically linking /home/nbalu/ros2_ws/src/mypkg/build/mypkg/resource/mypkg -> /home/nbalu/ros2_ws/src/mypkg/install/mypkg/share/ament_index/resource_index/packages
[1.621s] symbolically linking /home/nbalu/ros2_ws/src/mypkg/build/mypkg/package.xml -> /home/nbalu/ros2_ws/src/mypkg/install/mypkg/share/mypkg
[1.622s] symbolically linking /home/nbalu/ros2_ws/src/mypkg/build/mypkg/launch/talk_listen.launch.py -> /home/nbalu/ros2_ws/src/mypkg/install/mypkg/share/mypkg
[1.654s] Invoked command in '/home/nbalu/ros2_ws/src/mypkg/build/mypkg' returned '0': PYTHONPATH=/home/nbalu/ros2_ws/src/mypkg/build/mypkg/prefix_override:/usr/lib/python3/dist-packages/colcon_core/task/python/colcon_distutils_commands:/home/nbalu/ros2_ws/src/mypkg/install/mypkg/lib/python3.12/site-packages:${PYTHONPATH} /usr/bin/python3 -W ignore:setup.py install is deprecated -W ignore:easy_install command is deprecated setup.py develop --editable --build-directory /home/nbalu/ros2_ws/src/mypkg/build/mypkg/build --no-deps symlink_data
